<?xml version="1.0" encoding="UTF-8"?>
<testng-results skipped="0" failed="0" total="1" passed="1">
  <reporter-output>
  </reporter-output>
  <suite name="Suite" duration-ms="47363" started-at="2020-07-13T14:42:51Z" finished-at="2020-07-13T14:43:38Z">
    <groups>
      <group name="cucumber">
        <method signature="AbstractTestNGCucumberTests.feature(cucumber.api.testng.CucumberFeatureWrapper)[pri:0, instance:com.clarivate.bdd_framework.testRunner.TestRunner@58ceff1]" name="feature" class="cucumber.api.testng.AbstractTestNGCucumberTests"/>
      </group> <!-- cucumber -->
    </groups>
    <test name="Test" duration-ms="47363" started-at="2020-07-13T14:42:51Z" finished-at="2020-07-13T14:43:38Z">
      <class name="com.clarivate.bdd_framework.testRunner.TestRunner">
        <test-method status="PASS" signature="setUpClass()[pri:0, instance:com.clarivate.bdd_framework.testRunner.TestRunner@58ceff1]" name="setUpClass" is-config="true" duration-ms="556" started-at="2020-07-13T20:12:51Z" finished-at="2020-07-13T20:12:51Z">
          <reporter-output>
          </reporter-output>
        </test-method> <!-- setUpClass -->
        <test-method status="PASS" signature="feature(cucumber.api.testng.CucumberFeatureWrapper)[pri:0, instance:com.clarivate.bdd_framework.testRunner.TestRunner@58ceff1]" name="feature" duration-ms="46346" started-at="2020-07-13T20:12:51Z" description="Runs Cucumber Feature" data-provider="features" finished-at="2020-07-13T20:13:38Z">
          <params>
            <param index="0">
              <value>
                <![CDATA[As a Google user I should be able to get clarivate.com as the first result on google search]]>
              </value>
            </param>
          </params>
          <reporter-output>
          </reporter-output>
        </test-method> <!-- feature -->
        <test-method status="PASS" signature="tearDownClass()[pri:0, instance:com.clarivate.bdd_framework.testRunner.TestRunner@58ceff1]" name="tearDownClass" is-config="true" duration-ms="295" started-at="2020-07-13T20:13:38Z" finished-at="2020-07-13T20:13:38Z">
          <reporter-output>
          </reporter-output>
        </test-method> <!-- tearDownClass -->
      </class> <!-- com.clarivate.bdd_framework.testRunner.TestRunner -->
    </test> <!-- Test -->
  </suite> <!-- Suite -->
</testng-results>
